<?xml version="1.0" encoding="UTF-8"?>
<!-- Generated by org.testng.reporters.JUnitXMLReporter -->
<testsuite ignored="0" hostname="DESKTOP-HVNCR63" failures="0" tests="4" name="Default test" time="29.127" errors="0" timestamp="2022-06-07T13:58:16 BDT">
  <testcase classname="com.bd.ebrahim.Screenshots" name="getElementScreenshots" time="0.126"/>
  <testcase classname="com.bd.ebrahim.Screenshots" name="takeWebElementPageSectionScreenshot" time="2.43"/>
  <testcase classname="com.bd.ebrahim.Screenshots" name="screenshotGetScreenShotAs" time="0.424"/>
  <testcase classname="com.bd.ebrahim.Screenshots" name="screenshotEntirePageAshot" time="2.801"/>
</testsuite> <!-- Default test -->
