<?xml version="1.0" encoding="UTF-8"?>
<testng-results ignored="0" total="1" passed="1" failed="0" skipped="0">
  <reporter-output>
  </reporter-output>
  <suite started-at="2022-06-07T10:31:48 BDT" name="Default suite" finished-at="2022-06-07T10:32:08 BDT" duration-ms="19608">
    <groups>
    </groups>
    <test started-at="2022-06-07T10:31:48 BDT" name="Default test" finished-at="2022-06-07T10:32:08 BDT" duration-ms="19608">
      <class name="com.bd.ebrahim.WindowAndTab">
        <test-method is-config="true" signature="start()[pri:0, instance:com.bd.ebrahim.WindowAndTab@242b836]" started-at="2022-06-07T10:31:46 BDT" name="start" finished-at="2022-06-07T10:31:48 BDT" duration-ms="1903" status="PASS">
          <reporter-output>
          </reporter-output>
        </test-method> <!-- start -->
        <test-method signature="testNewWindowTabHandling()[pri:0, instance:com.bd.ebrahim.WindowAndTab@242b836]" started-at="2022-06-07T10:31:48 BDT" name="testNewWindowTabHandling" finished-at="2022-06-07T10:32:08 BDT" duration-ms="19582" status="PASS">
          <reporter-output>
          </reporter-output>
        </test-method> <!-- testNewWindowTabHandling -->
        <test-method is-config="true" signature="tearDown()[pri:0, instance:com.bd.ebrahim.WindowAndTab@242b836]" started-at="2022-06-07T10:32:08 BDT" name="tearDown" finished-at="2022-06-07T10:32:08 BDT" duration-ms="144" status="PASS">
          <reporter-output>
          </reporter-output>
        </test-method> <!-- tearDown -->
      </class> <!-- com.bd.ebrahim.WindowAndTab -->
    </test> <!-- Default test -->
  </suite> <!-- Default suite -->
</testng-results>
