<?xml version="1.0" encoding="UTF-8"?>
<testng-results ignored="0" total="2" passed="2" failed="0" skipped="0">
  <reporter-output>
  </reporter-output>
  <suite started-at="2022-06-06T13:37:15 BDT" name="Default suite" finished-at="2022-06-06T13:37:15 BDT" duration-ms="165">
    <groups>
    </groups>
    <test started-at="2022-06-06T13:37:15 BDT" name="Default test" finished-at="2022-06-06T13:37:15 BDT" duration-ms="165">
      <class name="com.bd.ebrahim.RelativeLocators">
        <test-method is-config="true" signature="start()[pri:0, instance:com.bd.ebrahim.RelativeLocators@3527942a]" started-at="2022-06-06T13:37:09 BDT" name="start" finished-at="2022-06-06T13:37:15 BDT" duration-ms="5425" status="PASS">
          <reporter-output>
          </reporter-output>
        </test-method> <!-- start -->
        <test-method signature="getListOfSocialMedia()[pri:0, instance:com.bd.ebrahim.RelativeLocators@3527942a]" started-at="2022-06-06T13:37:15 BDT" name="getListOfSocialMedia" finished-at="2022-06-06T13:37:15 BDT" duration-ms="95" status="PASS">
          <reporter-output>
          </reporter-output>
        </test-method> <!-- getListOfSocialMedia -->
        <test-method signature="loginCredentailsGet()[pri:0, instance:com.bd.ebrahim.RelativeLocators@3527942a]" started-at="2022-06-06T13:37:15 BDT" name="loginCredentailsGet" finished-at="2022-06-06T13:37:15 BDT" duration-ms="41" status="PASS">
          <reporter-output>
          </reporter-output>
        </test-method> <!-- loginCredentailsGet -->
        <test-method is-config="true" signature="tearDown()[pri:0, instance:com.bd.ebrahim.RelativeLocators@3527942a]" started-at="2022-06-06T13:37:15 BDT" name="tearDown" finished-at="2022-06-06T13:37:15 BDT" duration-ms="141" status="PASS">
          <reporter-output>
          </reporter-output>
        </test-method> <!-- tearDown -->
      </class> <!-- com.bd.ebrahim.RelativeLocators -->
    </test> <!-- Default test -->
  </suite> <!-- Default suite -->
</testng-results>
